2023.07.08 20:46:21 INFO  Started: Metals version 0.11.12 in workspace '/home/nhuan/Documents/Code/scala/Hello' for client Visual Studio Code 1.79.2.[0m
Jul 08, 2023 8:46:21 PM org.flywaydb.core.internal.license.VersionPrinter printVersionOnly
INFO: Flyway Community Edition 9.16.3 by Redgate
Jul 08, 2023 8:46:21 PM org.flywaydb.core.internal.license.VersionPrinter printVersion
INFO: See release notes here: https://rd.gt/416ObMi
Jul 08, 2023 8:46:21 PM org.flywaydb.core.internal.license.VersionPrinter printVersion
INFO: 
Jul 08, 2023 8:46:21 PM org.flywaydb.core.internal.database.base.BaseDatabaseType createDatabase
INFO: Database: jdbc:h2:file:/home/nhuan/Documents/Code/scala/Hello/.metals/metals (H2 2.1)
Jul 08, 2023 8:46:21 PM org.flywaydb.core.internal.schemahistory.JdbcTableSchemaHistory allAppliedMigrations
INFO: Schema history table "PUBLIC"."flyway_schema_history" does not exist yet
Jul 08, 2023 8:46:21 PM org.flywaydb.core.internal.command.DbValidate validate
INFO: Successfully validated 4 migrations (execution time 00:00.014s)
Jul 08, 2023 8:46:21 PM org.flywaydb.core.internal.schemahistory.JdbcTableSchemaHistory create
INFO: Creating Schema History table "PUBLIC"."flyway_schema_history" ...
Jul 08, 2023 8:46:22 PM org.flywaydb.core.internal.command.DbMigrate migrateGroup
INFO: Current version of schema "PUBLIC": << Empty Schema >>
Jul 08, 2023 8:46:22 PM org.flywaydb.core.internal.command.DbMigrate doMigrateGroup
INFO: Migrating schema "PUBLIC" to version "1 - Create tables"
Jul 08, 2023 8:46:22 PM org.flywaydb.core.internal.command.DbMigrate doMigrateGroup
INFO: Migrating schema "PUBLIC" to version "2 - Server discovery"
Jul 08, 2023 8:46:22 PM org.flywaydb.core.internal.command.DbMigrate doMigrateGroup
INFO: Migrating schema "PUBLIC" to version "3 - Jar symbols"
Jul 08, 2023 8:46:22 PM org.flywaydb.core.internal.command.DbMigrate doMigrateGroup
INFO: Migrating schema "PUBLIC" to version "4 - Fingerprints"
Jul 08, 2023 8:46:22 PM org.flywaydb.core.internal.command.DbMigrate logSummary
INFO: Successfully applied 4 migrations to schema "PUBLIC", now at version v4 (execution time 00:00.069s)
2023.07.08 20:46:22 INFO  time: initialize in 0.55s[0m
2023.07.08 20:46:23 WARN  Build server is not auto-connectable.[0m
2023.07.08 20:47:00 INFO  Shutting down server[0m
2023.07.08 20:47:00 INFO  shutting down Metals[0m
2023.07.08 20:47:00 INFO  Exiting server[0m
2023.07.10 21:38:43 INFO  Started: Metals version 0.11.12 in workspace '/home/nhuan/Documents/Code/scala/Hello' for client Visual Studio Code 1.80.0.
Jul 10, 2023 9:38:44 PM org.flywaydb.core.internal.license.VersionPrinter printVersionOnly
INFO: Flyway Community Edition 9.16.3 by Redgate
Jul 10, 2023 9:38:44 PM org.flywaydb.core.internal.license.VersionPrinter printVersion
INFO: See release notes here: https://rd.gt/416ObMi
Jul 10, 2023 9:38:44 PM org.flywaydb.core.internal.license.VersionPrinter printVersion
INFO: 
Jul 10, 2023 9:38:44 PM org.flywaydb.core.internal.database.base.BaseDatabaseType createDatabase
INFO: Database: jdbc:h2:file:/home/nhuan/Documents/Code/scala/Hello/.metals/metals (H2 2.1)
Jul 10, 2023 9:38:44 PM org.flywaydb.core.internal.command.DbValidate validate
INFO: Successfully validated 4 migrations (execution time 00:00.019s)
Jul 10, 2023 9:38:44 PM org.flywaydb.core.internal.command.DbMigrate migrateGroup
INFO: Current version of schema "PUBLIC": 4
Jul 10, 2023 9:38:44 PM org.flywaydb.core.internal.command.DbMigrate logSummary
INFO: Schema "PUBLIC" is up to date. No migration necessary.
2023.07.10 21:38:44 INFO  time: initialize in 0.55s
2023.07.10 21:38:46 WARN  Build server is not auto-connectable.
2023.07.10 21:39:13 INFO  Shutting down server
2023.07.10 21:39:13 INFO  shutting down Metals
2023.07.10 21:39:13 INFO  Exiting server
